<?xml version="1.0" encoding="UTF-8"?>
<testsuite xmlns:xsi="http://www.w3.org/2001/XMLSchema-instance" xsi:noNamespaceSchemaLocation="https://maven.apache.org/surefire/maven-surefire-plugin/xsd/surefire-test-report.xsd" name="cho.carbon.CfgClientApplicationTests" time="0.332" tests="1" errors="1" skipped="0" failures="0">
  <properties>
[...]
</properties>
  <testcase name="cho.carbon.CfgClientApplicationTests" classname="cho.carbon.CfgClientApplicationTests" time="0.332">
    <error message="Unable to find a @SpringBootConfiguration, you need to use @ContextConfiguration or @SpringBootTest(classes=...) with your test" type="java.lang.IllegalStateException">java.lang.IllegalStateException: Unable to find a @SpringBootConfiguration, you need to use @ContextConfiguration or @SpringBootTest(classes=...) with your test
</error>
    <system-out><![CDATA[15:23:42.085 [main] DEBUG org.springframework.test.context.BootstrapUtils - Instantiating CacheAwareContextLoaderDelegate from class [org.springframework.test.context.cache.DefaultCacheAwareContextLoaderDelegate]
15:23:42.104 [main] DEBUG org.springframework.test.context.BootstrapUtils - Instantiating BootstrapContext using constructor [public org.springframework.test.context.support.DefaultBootstrapContext(java.lang.Class,org.springframework.test.context.CacheAwareContextLoaderDelegate)]
15:23:42.135 [main] DEBUG org.springframework.test.context.BootstrapUtils - Instantiating TestContextBootstrapper for test class [cho.carbon.CfgClientApplicationTests] from class [org.springframework.boot.test.context.SpringBootTestContextBootstrapper]
15:23:42.158 [main] INFO org.springframework.boot.test.context.SpringBootTestContextBootstrapper - Neither @ContextConfiguration nor @ContextHierarchy found for test class [cho.carbon.CfgClientApplicationTests], using SpringBootContextLoader
15:23:42.163 [main] DEBUG org.springframework.test.context.support.AbstractContextLoader - Did not detect default resource location for test class [cho.carbon.CfgClientApplicationTests]: class path resource [cho/carbon/CfgClientApplicationTests-context.xml] does not exist
15:23:42.164 [main] DEBUG org.springframework.test.context.support.AbstractContextLoader - Did not detect default resource location for test class [cho.carbon.CfgClientApplicationTests]: class path resource [cho/carbon/CfgClientApplicationTestsContext.groovy] does not exist
15:23:42.164 [main] INFO org.springframework.test.context.support.AbstractContextLoader - Could not detect default resource locations for test class [cho.carbon.CfgClientApplicationTests]: no resource found for suffixes {-context.xml, Context.groovy}.
15:23:42.164 [main] INFO org.springframework.test.context.support.AnnotationConfigContextLoaderUtils - Could not detect default configuration classes for test class [cho.carbon.CfgClientApplicationTests]: CfgClientApplicationTests does not declare any static, non-private, non-final, nested classes annotated with @Configuration.
15:23:42.206 [main] DEBUG org.springframework.test.context.support.ActiveProfilesUtils - Could not find an 'annotation declaring class' for annotation type [org.springframework.test.context.ActiveProfiles] and class [cho.carbon.CfgClientApplicationTests]
15:23:42.289 [main] DEBUG org.springframework.test.context.BootstrapUtils - Instantiating CacheAwareContextLoaderDelegate from class [org.springframework.test.context.cache.DefaultCacheAwareContextLoaderDelegate]
15:23:42.289 [main] DEBUG org.springframework.test.context.BootstrapUtils - Instantiating BootstrapContext using constructor [public org.springframework.test.context.support.DefaultBootstrapContext(java.lang.Class,org.springframework.test.context.CacheAwareContextLoaderDelegate)]
15:23:42.290 [main] DEBUG org.springframework.test.context.BootstrapUtils - Instantiating TestContextBootstrapper for test class [cho.carbon.CfgClientApplicationTests] from class [org.springframework.boot.test.context.SpringBootTestContextBootstrapper]
15:23:42.291 [main] INFO org.springframework.boot.test.context.SpringBootTestContextBootstrapper - Neither @ContextConfiguration nor @ContextHierarchy found for test class [cho.carbon.CfgClientApplicationTests], using SpringBootContextLoader
15:23:42.295 [main] DEBUG org.springframework.test.context.support.AbstractContextLoader - Did not detect default resource location for test class [cho.carbon.CfgClientApplicationTests]: class path resource [cho/carbon/CfgClientApplicationTests-context.xml] does not exist
15:23:42.296 [main] DEBUG org.springframework.test.context.support.AbstractContextLoader - Did not detect default resource location for test class [cho.carbon.CfgClientApplicationTests]: class path resource [cho/carbon/CfgClientApplicationTestsContext.groovy] does not exist
15:23:42.296 [main] INFO org.springframework.test.context.support.AbstractContextLoader - Could not detect default resource locations for test class [cho.carbon.CfgClientApplicationTests]: no resource found for suffixes {-context.xml, Context.groovy}.
15:23:42.296 [main] INFO org.springframework.test.context.support.AnnotationConfigContextLoaderUtils - Could not detect default configuration classes for test class [cho.carbon.CfgClientApplicationTests]: CfgClientApplicationTests does not declare any static, non-private, non-final, nested classes annotated with @Configuration.
15:23:42.299 [main] DEBUG org.springframework.test.context.support.ActiveProfilesUtils - Could not find an 'annotation declaring class' for annotation type [org.springframework.test.context.ActiveProfiles] and class [cho.carbon.CfgClientApplicationTests]
15:23:42.314 [main] DEBUG org.springframework.test.context.BootstrapUtils - Instantiating CacheAwareContextLoaderDelegate from class [org.springframework.test.context.cache.DefaultCacheAwareContextLoaderDelegate]
15:23:42.314 [main] DEBUG org.springframework.test.context.BootstrapUtils - Instantiating BootstrapContext using constructor [public org.springframework.test.context.support.DefaultBootstrapContext(java.lang.Class,org.springframework.test.context.CacheAwareContextLoaderDelegate)]
15:23:42.315 [main] DEBUG org.springframework.test.context.BootstrapUtils - Instantiating TestContextBootstrapper for test class [cho.carbon.CfgClientApplicationTests] from class [org.springframework.boot.test.context.SpringBootTestContextBootstrapper]
15:23:42.315 [main] INFO org.springframework.boot.test.context.SpringBootTestContextBootstrapper - Neither @ContextConfiguration nor @ContextHierarchy found for test class [cho.carbon.CfgClientApplicationTests], using SpringBootContextLoader
15:23:42.316 [main] DEBUG org.springframework.test.context.support.AbstractContextLoader - Did not detect default resource location for test class [cho.carbon.CfgClientApplicationTests]: class path resource [cho/carbon/CfgClientApplicationTests-context.xml] does not exist
15:23:42.317 [main] DEBUG org.springframework.test.context.support.AbstractContextLoader - Did not detect default resource location for test class [cho.carbon.CfgClientApplicationTests]: class path resource [cho/carbon/CfgClientApplicationTestsContext.groovy] does not exist
15:23:42.318 [main] INFO org.springframework.test.context.support.AbstractContextLoader - Could not detect default resource locations for test class [cho.carbon.CfgClientApplicationTests]: no resource found for suffixes {-context.xml, Context.groovy}.
15:23:42.318 [main] INFO org.springframework.test.context.support.AnnotationConfigContextLoaderUtils - Could not detect default configuration classes for test class [cho.carbon.CfgClientApplicationTests]: CfgClientApplicationTests does not declare any static, non-private, non-final, nested classes annotated with @Configuration.
15:23:42.320 [main] DEBUG org.springframework.test.context.support.ActiveProfilesUtils - Could not find an 'annotation declaring class' for annotation type [org.springframework.test.context.ActiveProfiles] and class [cho.carbon.CfgClientApplicationTests]
]]></system-out>
  </testcase>
</testsuite>